[2022-09-14T11:44:00.454+0300] {taskinstance.py:1171} INFO - Dependencies all met for <TaskInstance: Second_Dag.Hello_World scheduled__2022-09-14T08:35:00+00:00 [queued]>
[2022-09-14T11:44:00.462+0300] {taskinstance.py:1171} INFO - Dependencies all met for <TaskInstance: Second_Dag.Hello_World scheduled__2022-09-14T08:35:00+00:00 [queued]>
[2022-09-14T11:44:00.462+0300] {taskinstance.py:1368} INFO - 
--------------------------------------------------------------------------------
[2022-09-14T11:44:00.462+0300] {taskinstance.py:1369} INFO - Starting attempt 1 of 1
[2022-09-14T11:44:00.462+0300] {taskinstance.py:1370} INFO - 
--------------------------------------------------------------------------------
[2022-09-14T11:44:00.480+0300] {taskinstance.py:1389} INFO - Executing <Task(PythonOperator): Hello_World> on 2022-09-14 08:35:00+00:00
[2022-09-14T11:44:00.481+0300] {standard_task_runner.py:52} INFO - Started process 1733 to run task
[2022-09-14T11:44:00.483+0300] {standard_task_runner.py:79} INFO - Running: ['airflow', 'tasks', 'run', 'Second_Dag', 'Hello_World', 'scheduled__2022-09-14T08:35:00+00:00', '--job-id', '5', '--raw', '--subdir', 'DAGS_FOLDER/Second_Dag.py', '--cfg-path', '/tmp/tmpf177pu3n', '--error-file', '/tmp/tmpa4e2ltiy']
[2022-09-14T11:44:00.484+0300] {standard_task_runner.py:80} INFO - Job 5: Subtask Hello_World
[2022-09-14T11:44:00.529+0300] {task_command.py:371} INFO - Running <TaskInstance: Second_Dag.Hello_World scheduled__2022-09-14T08:35:00+00:00 [running]> on host DESKTOP-6F0IB4Q.localdomain
[2022-09-14T11:44:00.587+0300] {taskinstance.py:1581} INFO - Exporting the following env vars:
AIRFLOW_CTX_DAG_OWNER=airflow
AIRFLOW_CTX_DAG_ID=Second_Dag
AIRFLOW_CTX_TASK_ID=Hello_World
AIRFLOW_CTX_EXECUTION_DATE=2022-09-14T08:35:00+00:00
AIRFLOW_CTX_TRY_NUMBER=1
AIRFLOW_CTX_DAG_RUN_ID=scheduled__2022-09-14T08:35:00+00:00
[2022-09-14T11:44:00.588+0300] {logging_mixin.py:115} INFO - Hello World!
[2022-09-14T11:44:00.588+0300] {python.py:173} INFO - Done. Returned value was: None
[2022-09-14T11:44:00.593+0300] {taskinstance.py:1407} INFO - Marking task as SUCCESS. dag_id=Second_Dag, task_id=Hello_World, execution_date=20220914T083500, start_date=20220914T084400, end_date=20220914T084400
[2022-09-14T11:44:00.616+0300] {local_task_job.py:156} INFO - Task exited with return code 0
[2022-09-14T11:44:00.647+0300] {local_task_job.py:279} INFO - 1 downstream tasks scheduled from follow-on schedule check
