[2022-09-14T13:15:55.075+0300] {taskinstance.py:1171} INFO - Dependencies all met for <TaskInstance: First-Dag.RandomNumberGeneratorB manual__2022-09-14T10:15:50.805054+00:00 [queued]>
[2022-09-14T13:15:55.082+0300] {taskinstance.py:1171} INFO - Dependencies all met for <TaskInstance: First-Dag.RandomNumberGeneratorB manual__2022-09-14T10:15:50.805054+00:00 [queued]>
[2022-09-14T13:15:55.082+0300] {taskinstance.py:1368} INFO - 
--------------------------------------------------------------------------------
[2022-09-14T13:15:55.082+0300] {taskinstance.py:1369} INFO - Starting attempt 1 of 1
[2022-09-14T13:15:55.082+0300] {taskinstance.py:1370} INFO - 
--------------------------------------------------------------------------------
[2022-09-14T13:15:55.100+0300] {taskinstance.py:1389} INFO - Executing <Task(PythonOperator): RandomNumberGeneratorB> on 2022-09-14 10:15:50.805054+00:00
[2022-09-14T13:15:55.102+0300] {standard_task_runner.py:52} INFO - Started process 13635 to run task
[2022-09-14T13:15:55.105+0300] {standard_task_runner.py:79} INFO - Running: ['airflow', 'tasks', 'run', 'First-Dag', 'RandomNumberGeneratorB', 'manual__2022-09-14T10:15:50.805054+00:00', '--job-id', '78', '--raw', '--subdir', 'DAGS_FOLDER/First_Dag.py', '--cfg-path', '/tmp/tmp_0l14p1q', '--error-file', '/tmp/tmp3f2qsk3j']
[2022-09-14T13:15:55.105+0300] {standard_task_runner.py:80} INFO - Job 78: Subtask RandomNumberGeneratorB
[2022-09-14T13:15:55.147+0300] {task_command.py:371} INFO - Running <TaskInstance: First-Dag.RandomNumberGeneratorB manual__2022-09-14T10:15:50.805054+00:00 [running]> on host DESKTOP-6F0IB4Q.localdomain
[2022-09-14T13:15:55.199+0300] {taskinstance.py:1581} INFO - Exporting the following env vars:
AIRFLOW_CTX_DAG_OWNER=airflow
AIRFLOW_CTX_DAG_ID=First-Dag
AIRFLOW_CTX_TASK_ID=RandomNumberGeneratorB
AIRFLOW_CTX_EXECUTION_DATE=2022-09-14T10:15:50.805054+00:00
AIRFLOW_CTX_TRY_NUMBER=1
AIRFLOW_CTX_DAG_RUN_ID=manual__2022-09-14T10:15:50.805054+00:00
[2022-09-14T13:15:55.199+0300] {logging_mixin.py:115} INFO - Number B is: 7
[2022-09-14T13:15:55.199+0300] {python.py:173} INFO - Done. Returned value was: 7
[2022-09-14T13:15:55.221+0300] {taskinstance.py:1407} INFO - Marking task as SUCCESS. dag_id=First-Dag, task_id=RandomNumberGeneratorB, execution_date=20220914T101550, start_date=20220914T101555, end_date=20220914T101555
[2022-09-14T13:15:55.277+0300] {local_task_job.py:156} INFO - Task exited with return code 0
[2022-09-14T13:15:55.294+0300] {local_task_job.py:279} INFO - 0 downstream tasks scheduled from follow-on schedule check
