[2022-09-14T13:11:36.165+0300] {taskinstance.py:1171} INFO - Dependencies all met for <TaskInstance: First-Dag.Compare_and_Print manual__2022-09-14T10:11:30.152193+00:00 [queued]>
[2022-09-14T13:11:36.176+0300] {taskinstance.py:1171} INFO - Dependencies all met for <TaskInstance: First-Dag.Compare_and_Print manual__2022-09-14T10:11:30.152193+00:00 [queued]>
[2022-09-14T13:11:36.176+0300] {taskinstance.py:1368} INFO - 
--------------------------------------------------------------------------------
[2022-09-14T13:11:36.176+0300] {taskinstance.py:1369} INFO - Starting attempt 1 of 1
[2022-09-14T13:11:36.176+0300] {taskinstance.py:1370} INFO - 
--------------------------------------------------------------------------------
[2022-09-14T13:11:36.197+0300] {taskinstance.py:1389} INFO - Executing <Task(PythonOperator): Compare_and_Print> on 2022-09-14 10:11:30.152193+00:00
[2022-09-14T13:11:36.198+0300] {standard_task_runner.py:52} INFO - Started process 11756 to run task
[2022-09-14T13:11:36.202+0300] {standard_task_runner.py:79} INFO - Running: ['airflow', 'tasks', 'run', 'First-Dag', 'Compare_and_Print', 'manual__2022-09-14T10:11:30.152193+00:00', '--job-id', '73', '--raw', '--subdir', 'DAGS_FOLDER/First_Dag.py', '--cfg-path', '/tmp/tmpvgm4_hlq', '--error-file', '/tmp/tmp2ksypl8o']
[2022-09-14T13:11:36.203+0300] {standard_task_runner.py:80} INFO - Job 73: Subtask Compare_and_Print
[2022-09-14T13:11:36.253+0300] {task_command.py:371} INFO - Running <TaskInstance: First-Dag.Compare_and_Print manual__2022-09-14T10:11:30.152193+00:00 [running]> on host DESKTOP-6F0IB4Q.localdomain
[2022-09-14T13:11:36.316+0300] {taskinstance.py:1581} INFO - Exporting the following env vars:
AIRFLOW_CTX_DAG_OWNER=airflow
AIRFLOW_CTX_DAG_ID=First-Dag
AIRFLOW_CTX_TASK_ID=Compare_and_Print
AIRFLOW_CTX_EXECUTION_DATE=2022-09-14T10:11:30.152193+00:00
AIRFLOW_CTX_TRY_NUMBER=1
AIRFLOW_CTX_DAG_RUN_ID=manual__2022-09-14T10:11:30.152193+00:00
[2022-09-14T13:11:36.321+0300] {logging_mixin.py:115} INFO - 12
[2022-09-14T13:11:36.321+0300] {python.py:173} INFO - Done. Returned value was: None
[2022-09-14T13:11:36.327+0300] {taskinstance.py:1407} INFO - Marking task as SUCCESS. dag_id=First-Dag, task_id=Compare_and_Print, execution_date=20220914T101130, start_date=20220914T101136, end_date=20220914T101136
[2022-09-14T13:11:36.373+0300] {local_task_job.py:156} INFO - Task exited with return code 0
[2022-09-14T13:11:36.390+0300] {local_task_job.py:279} INFO - 0 downstream tasks scheduled from follow-on schedule check
