[2022-09-14T12:40:02.985+0300] {taskinstance.py:1171} INFO - Dependencies all met for <TaskInstance: Second_Dag.Hello_World scheduled__2022-09-14T09:35:00+00:00 [queued]>
[2022-09-14T12:40:02.994+0300] {taskinstance.py:1171} INFO - Dependencies all met for <TaskInstance: Second_Dag.Hello_World scheduled__2022-09-14T09:35:00+00:00 [queued]>
[2022-09-14T12:40:02.994+0300] {taskinstance.py:1368} INFO - 
--------------------------------------------------------------------------------
[2022-09-14T12:40:02.994+0300] {taskinstance.py:1369} INFO - Starting attempt 1 of 1
[2022-09-14T12:40:02.994+0300] {taskinstance.py:1370} INFO - 
--------------------------------------------------------------------------------
[2022-09-14T12:40:03.011+0300] {taskinstance.py:1389} INFO - Executing <Task(PythonOperator): Hello_World> on 2022-09-14 09:35:00+00:00
[2022-09-14T12:40:03.013+0300] {standard_task_runner.py:52} INFO - Started process 6219 to run task
[2022-09-14T12:40:03.015+0300] {standard_task_runner.py:79} INFO - Running: ['airflow', 'tasks', 'run', 'Second_Dag', 'Hello_World', 'scheduled__2022-09-14T09:35:00+00:00', '--job-id', '44', '--raw', '--subdir', 'DAGS_FOLDER/Second_Dag.py', '--cfg-path', '/tmp/tmpncqvlwzn', '--error-file', '/tmp/tmpjvny3rzn']
[2022-09-14T12:40:03.016+0300] {standard_task_runner.py:80} INFO - Job 44: Subtask Hello_World
[2022-09-14T12:40:03.061+0300] {task_command.py:371} INFO - Running <TaskInstance: Second_Dag.Hello_World scheduled__2022-09-14T09:35:00+00:00 [running]> on host DESKTOP-6F0IB4Q.localdomain
[2022-09-14T12:40:03.130+0300] {taskinstance.py:1581} INFO - Exporting the following env vars:
AIRFLOW_CTX_DAG_OWNER=airflow
AIRFLOW_CTX_DAG_ID=Second_Dag
AIRFLOW_CTX_TASK_ID=Hello_World
AIRFLOW_CTX_EXECUTION_DATE=2022-09-14T09:35:00+00:00
AIRFLOW_CTX_TRY_NUMBER=1
AIRFLOW_CTX_DAG_RUN_ID=scheduled__2022-09-14T09:35:00+00:00
[2022-09-14T12:40:03.131+0300] {logging_mixin.py:115} INFO - Hello World!
[2022-09-14T12:40:03.131+0300] {python.py:173} INFO - Done. Returned value was: None
[2022-09-14T12:40:03.137+0300] {taskinstance.py:1407} INFO - Marking task as SUCCESS. dag_id=Second_Dag, task_id=Hello_World, execution_date=20220914T093500, start_date=20220914T094002, end_date=20220914T094003
[2022-09-14T12:40:03.187+0300] {local_task_job.py:156} INFO - Task exited with return code 0
[2022-09-14T12:40:03.228+0300] {local_task_job.py:279} INFO - 1 downstream tasks scheduled from follow-on schedule check
