[2022-09-14T12:50:02.696+0300] {taskinstance.py:1171} INFO - Dependencies all met for <TaskInstance: Second_Dag.Hello_World scheduled__2022-09-14T09:45:00+00:00 [queued]>
[2022-09-14T12:50:02.703+0300] {taskinstance.py:1171} INFO - Dependencies all met for <TaskInstance: Second_Dag.Hello_World scheduled__2022-09-14T09:45:00+00:00 [queued]>
[2022-09-14T12:50:02.704+0300] {taskinstance.py:1368} INFO - 
--------------------------------------------------------------------------------
[2022-09-14T12:50:02.704+0300] {taskinstance.py:1369} INFO - Starting attempt 1 of 1
[2022-09-14T12:50:02.704+0300] {taskinstance.py:1370} INFO - 
--------------------------------------------------------------------------------
[2022-09-14T12:50:02.722+0300] {taskinstance.py:1389} INFO - Executing <Task(PythonOperator): Hello_World> on 2022-09-14 09:45:00+00:00
[2022-09-14T12:50:02.723+0300] {standard_task_runner.py:52} INFO - Started process 8061 to run task
[2022-09-14T12:50:02.725+0300] {standard_task_runner.py:79} INFO - Running: ['airflow', 'tasks', 'run', 'Second_Dag', 'Hello_World', 'scheduled__2022-09-14T09:45:00+00:00', '--job-id', '50', '--raw', '--subdir', 'DAGS_FOLDER/Second_Dag.py', '--cfg-path', '/tmp/tmplo1z5x0o', '--error-file', '/tmp/tmp1zvit527']
[2022-09-14T12:50:02.726+0300] {standard_task_runner.py:80} INFO - Job 50: Subtask Hello_World
[2022-09-14T12:50:02.768+0300] {task_command.py:371} INFO - Running <TaskInstance: Second_Dag.Hello_World scheduled__2022-09-14T09:45:00+00:00 [running]> on host DESKTOP-6F0IB4Q.localdomain
[2022-09-14T12:50:02.829+0300] {taskinstance.py:1581} INFO - Exporting the following env vars:
AIRFLOW_CTX_DAG_OWNER=airflow
AIRFLOW_CTX_DAG_ID=Second_Dag
AIRFLOW_CTX_TASK_ID=Hello_World
AIRFLOW_CTX_EXECUTION_DATE=2022-09-14T09:45:00+00:00
AIRFLOW_CTX_TRY_NUMBER=1
AIRFLOW_CTX_DAG_RUN_ID=scheduled__2022-09-14T09:45:00+00:00
[2022-09-14T12:50:02.830+0300] {logging_mixin.py:115} INFO - Hello World!
[2022-09-14T12:50:02.831+0300] {python.py:173} INFO - Done. Returned value was: None
[2022-09-14T12:50:02.839+0300] {taskinstance.py:1407} INFO - Marking task as SUCCESS. dag_id=Second_Dag, task_id=Hello_World, execution_date=20220914T094500, start_date=20220914T095002, end_date=20220914T095002
[2022-09-14T12:50:02.897+0300] {local_task_job.py:156} INFO - Task exited with return code 0
[2022-09-14T12:50:02.929+0300] {local_task_job.py:279} INFO - 1 downstream tasks scheduled from follow-on schedule check
