[2022-09-14T13:15:50.064+0300] {taskinstance.py:1171} INFO - Dependencies all met for <TaskInstance: First-Dag.RandomNumberGeneratorA scheduled__2022-09-14T10:10:00+00:00 [queued]>
[2022-09-14T13:15:50.072+0300] {taskinstance.py:1171} INFO - Dependencies all met for <TaskInstance: First-Dag.RandomNumberGeneratorA scheduled__2022-09-14T10:10:00+00:00 [queued]>
[2022-09-14T13:15:50.072+0300] {taskinstance.py:1368} INFO - 
--------------------------------------------------------------------------------
[2022-09-14T13:15:50.073+0300] {taskinstance.py:1369} INFO - Starting attempt 1 of 1
[2022-09-14T13:15:50.073+0300] {taskinstance.py:1370} INFO - 
--------------------------------------------------------------------------------
[2022-09-14T13:15:50.091+0300] {taskinstance.py:1389} INFO - Executing <Task(PythonOperator): RandomNumberGeneratorA> on 2022-09-14 10:10:00+00:00
[2022-09-14T13:15:50.092+0300] {standard_task_runner.py:52} INFO - Started process 13622 to run task
[2022-09-14T13:15:50.094+0300] {standard_task_runner.py:79} INFO - Running: ['airflow', 'tasks', 'run', 'First-Dag', 'RandomNumberGeneratorA', 'scheduled__2022-09-14T10:10:00+00:00', '--job-id', '74', '--raw', '--subdir', 'DAGS_FOLDER/First_Dag.py', '--cfg-path', '/tmp/tmpas8hae9y', '--error-file', '/tmp/tmp5u6r4ftv']
[2022-09-14T13:15:50.095+0300] {standard_task_runner.py:80} INFO - Job 74: Subtask RandomNumberGeneratorA
[2022-09-14T13:15:50.139+0300] {task_command.py:371} INFO - Running <TaskInstance: First-Dag.RandomNumberGeneratorA scheduled__2022-09-14T10:10:00+00:00 [running]> on host DESKTOP-6F0IB4Q.localdomain
[2022-09-14T13:15:50.192+0300] {taskinstance.py:1581} INFO - Exporting the following env vars:
AIRFLOW_CTX_DAG_OWNER=airflow
AIRFLOW_CTX_DAG_ID=First-Dag
AIRFLOW_CTX_TASK_ID=RandomNumberGeneratorA
AIRFLOW_CTX_EXECUTION_DATE=2022-09-14T10:10:00+00:00
AIRFLOW_CTX_TRY_NUMBER=1
AIRFLOW_CTX_DAG_RUN_ID=scheduled__2022-09-14T10:10:00+00:00
[2022-09-14T13:15:50.193+0300] {logging_mixin.py:115} INFO - Number A is: 10
[2022-09-14T13:15:50.193+0300] {python.py:173} INFO - Done. Returned value was: 10
[2022-09-14T13:15:50.216+0300] {taskinstance.py:1407} INFO - Marking task as SUCCESS. dag_id=First-Dag, task_id=RandomNumberGeneratorA, execution_date=20220914T101000, start_date=20220914T101550, end_date=20220914T101550
[2022-09-14T13:15:50.267+0300] {local_task_job.py:156} INFO - Task exited with return code 0
[2022-09-14T13:15:50.283+0300] {local_task_job.py:279} INFO - 0 downstream tasks scheduled from follow-on schedule check
