[2022-09-14T13:10:33.704+0300] {taskinstance.py:1171} INFO - Dependencies all met for <TaskInstance: First-Dag.RandomNumberGeneratorA scheduled__2022-09-14T10:05:00+00:00 [queued]>
[2022-09-14T13:10:33.711+0300] {taskinstance.py:1171} INFO - Dependencies all met for <TaskInstance: First-Dag.RandomNumberGeneratorA scheduled__2022-09-14T10:05:00+00:00 [queued]>
[2022-09-14T13:10:33.711+0300] {taskinstance.py:1368} INFO - 
--------------------------------------------------------------------------------
[2022-09-14T13:10:33.711+0300] {taskinstance.py:1369} INFO - Starting attempt 1 of 1
[2022-09-14T13:10:33.711+0300] {taskinstance.py:1370} INFO - 
--------------------------------------------------------------------------------
[2022-09-14T13:10:33.729+0300] {taskinstance.py:1389} INFO - Executing <Task(PythonOperator): RandomNumberGeneratorA> on 2022-09-14 10:05:00+00:00
[2022-09-14T13:10:33.730+0300] {standard_task_runner.py:52} INFO - Started process 11603 to run task
[2022-09-14T13:10:33.733+0300] {standard_task_runner.py:79} INFO - Running: ['airflow', 'tasks', 'run', 'First-Dag', 'RandomNumberGeneratorA', 'scheduled__2022-09-14T10:05:00+00:00', '--job-id', '62', '--raw', '--subdir', 'DAGS_FOLDER/First_Dag.py', '--cfg-path', '/tmp/tmp96zh9gle', '--error-file', '/tmp/tmp_ie2shr4']
[2022-09-14T13:10:33.734+0300] {standard_task_runner.py:80} INFO - Job 62: Subtask RandomNumberGeneratorA
[2022-09-14T13:10:33.780+0300] {task_command.py:371} INFO - Running <TaskInstance: First-Dag.RandomNumberGeneratorA scheduled__2022-09-14T10:05:00+00:00 [running]> on host DESKTOP-6F0IB4Q.localdomain
[2022-09-14T13:10:33.840+0300] {taskinstance.py:1581} INFO - Exporting the following env vars:
AIRFLOW_CTX_DAG_OWNER=airflow
AIRFLOW_CTX_DAG_ID=First-Dag
AIRFLOW_CTX_TASK_ID=RandomNumberGeneratorA
AIRFLOW_CTX_EXECUTION_DATE=2022-09-14T10:05:00+00:00
AIRFLOW_CTX_TRY_NUMBER=1
AIRFLOW_CTX_DAG_RUN_ID=scheduled__2022-09-14T10:05:00+00:00
[2022-09-14T13:10:33.841+0300] {python.py:173} INFO - Done. Returned value was: 2
[2022-09-14T13:10:33.897+0300] {taskinstance.py:1407} INFO - Marking task as SUCCESS. dag_id=First-Dag, task_id=RandomNumberGeneratorA, execution_date=20220914T100500, start_date=20220914T101033, end_date=20220914T101033
[2022-09-14T13:10:33.945+0300] {local_task_job.py:156} INFO - Task exited with return code 0
[2022-09-14T13:10:33.971+0300] {local_task_job.py:279} INFO - 0 downstream tasks scheduled from follow-on schedule check
