[2022-09-14T12:25:02.176+0300] {taskinstance.py:1171} INFO - Dependencies all met for <TaskInstance: Second_Dag.Hello_World scheduled__2022-09-14T09:20:00+00:00 [queued]>
[2022-09-14T12:25:02.183+0300] {taskinstance.py:1171} INFO - Dependencies all met for <TaskInstance: Second_Dag.Hello_World scheduled__2022-09-14T09:20:00+00:00 [queued]>
[2022-09-14T12:25:02.183+0300] {taskinstance.py:1368} INFO - 
--------------------------------------------------------------------------------
[2022-09-14T12:25:02.183+0300] {taskinstance.py:1369} INFO - Starting attempt 1 of 1
[2022-09-14T12:25:02.183+0300] {taskinstance.py:1370} INFO - 
--------------------------------------------------------------------------------
[2022-09-14T12:25:02.203+0300] {taskinstance.py:1389} INFO - Executing <Task(PythonOperator): Hello_World> on 2022-09-14 09:20:00+00:00
[2022-09-14T12:25:02.204+0300] {standard_task_runner.py:52} INFO - Started process 4760 to run task
[2022-09-14T12:25:02.206+0300] {standard_task_runner.py:79} INFO - Running: ['airflow', 'tasks', 'run', 'Second_Dag', 'Hello_World', 'scheduled__2022-09-14T09:20:00+00:00', '--job-id', '35', '--raw', '--subdir', 'DAGS_FOLDER/Second_Dag.py', '--cfg-path', '/tmp/tmpz_f16np3', '--error-file', '/tmp/tmpt_p8w1g5']
[2022-09-14T12:25:02.207+0300] {standard_task_runner.py:80} INFO - Job 35: Subtask Hello_World
[2022-09-14T12:25:02.249+0300] {task_command.py:371} INFO - Running <TaskInstance: Second_Dag.Hello_World scheduled__2022-09-14T09:20:00+00:00 [running]> on host DESKTOP-6F0IB4Q.localdomain
[2022-09-14T12:25:02.299+0300] {taskinstance.py:1581} INFO - Exporting the following env vars:
AIRFLOW_CTX_DAG_OWNER=airflow
AIRFLOW_CTX_DAG_ID=Second_Dag
AIRFLOW_CTX_TASK_ID=Hello_World
AIRFLOW_CTX_EXECUTION_DATE=2022-09-14T09:20:00+00:00
AIRFLOW_CTX_TRY_NUMBER=1
AIRFLOW_CTX_DAG_RUN_ID=scheduled__2022-09-14T09:20:00+00:00
[2022-09-14T12:25:02.300+0300] {logging_mixin.py:115} INFO - Hello World!
[2022-09-14T12:25:02.300+0300] {python.py:173} INFO - Done. Returned value was: None
[2022-09-14T12:25:02.304+0300] {taskinstance.py:1407} INFO - Marking task as SUCCESS. dag_id=Second_Dag, task_id=Hello_World, execution_date=20220914T092000, start_date=20220914T092502, end_date=20220914T092502
[2022-09-14T12:25:02.338+0300] {local_task_job.py:156} INFO - Task exited with return code 0
[2022-09-14T12:25:02.369+0300] {local_task_job.py:279} INFO - 1 downstream tasks scheduled from follow-on schedule check
